<?xml version="1.0" encoding="UTF-8"?>
<testng-results ignored="0" total="2" passed="1" failed="1" skipped="0">
  <reporter-output>
  </reporter-output>
  <suite started-at="2023-06-29T16:40:00 IST" name="Suite" finished-at="2023-06-29T16:40:55 IST" duration-ms="55486">
    <groups>
    </groups>
    <test started-at="2023-06-29T16:40:00 IST" name="Test" finished-at="2023-06-29T16:40:55 IST" duration-ms="55486">
      <class name="com.usga.qa.tests.Android">
        <test-method is-config="true" signature="setup()[pri:0, instance:com.usga.qa.tests.Android@231f98ef]" started-at="2023-06-29T16:40:00 IST" name="setup" finished-at="2023-06-29T16:40:12 IST" duration-ms="12324" status="PASS">
          <reporter-output>
          </reporter-output>
        </test-method> <!-- setup -->
        <test-method signature="VerifyFestivalName(java.lang.String,java.lang.String,java.lang.String)[pri:1, instance:com.usga.qa.tests.Android@231f98ef]" started-at="2023-06-29T16:40:13 IST" name="VerifyFestivalName" data-provider="getTestData" finished-at="2023-06-29T16:40:33 IST" duration-ms="20215" status="PASS">
          <params>
            <param index="0">
              <value>
                <![CDATA[Squint-281]]>
              </value>
            </param>
            <param index="1">
              <value>
                <![CDATA[Small Night In]]>
              </value>
            </param>
            <param index="2">
              <value>
                <![CDATA[Yan East]]>
              </value>
            </param>
          </params>
          <reporter-output>
          </reporter-output>
        </test-method> <!-- VerifyFestivalName -->
        <test-method signature="VerifyBandName(java.lang.String,java.lang.String,java.lang.String)[pri:2, instance:com.usga.qa.tests.Android@231f98ef]" started-at="2023-06-29T16:40:33 IST" name="VerifyBandName" data-provider="getTestData" finished-at="2023-06-29T16:40:55 IST" duration-ms="21680" status="FAIL">
          <params>
            <param index="0">
              <value>
                <![CDATA[Squint-281]]>
              </value>
            </param>
            <param index="1">
              <value>
                <![CDATA[Small Night In]]>
              </value>
            </param>
            <param index="2">
              <value>
                <![CDATA[Yan East]]>
              </value>
            </param>
          </params>
          <exception class="org.openqa.selenium.NoSuchElementException">
            <message>
              <![CDATA[An element could not be located on the page using the given search parameters.
For documentation on this error, please visit: https://selenium.dev/exceptions/#no_such_element
Build info: version: '4.6.0', revision: '79f1c02ae20'
System info: os.name: 'Mac OS X', os.arch: 'x86_64', os.version: '13.4.1', java.version: '19.0.1'
Driver info: io.appium.java_client.android.AndroidDriver
Command: [a88f5b63-e57f-47c9-bf49-a74b9cf809f1, findElement {using=-android uiautomator, value=new UiScrollable(new UiSelector()).scrollIntoView(new UiSelector().text("Yan East"));}]
Capabilities {appium:app: /Users/someghana/eclipse-wo..., appium:appPackage: com.energyaustralia.codingt..., appium:automationName: UiAutomator2, appium:databaseEnabled: false, appium:desired: {app: /Users/someghana/eclipse-wo..., automationName: UiAutomator2, deviceName: Android SDK built for x86, platformName: android, platformVersion: 10}, appium:deviceApiLevel: 29, appium:deviceManufacturer: Google, appium:deviceModel: Android SDK built for x86, appium:deviceName: emulator-5554, appium:deviceScreenDensity: 240, appium:deviceScreenSize: 480x800, appium:deviceUDID: emulator-5554, appium:javascriptEnabled: true, appium:locationContextEnabled: false, appium:networkConnectionEnabled: true, appium:pixelRatio: 1.5, appium:platformVersion: 10, appium:statBarHeight: 36, appium:takesScreenshot: true, appium:viewportRect: {height: 764, left: 0, top: 36, width: 480}, appium:warnings: {}, appium:webStorageEnabled: false, platformName: ANDROID}
Session ID: a88f5b63-e57f-47c9-bf49-a74b9cf809f1]]>
            </message>
            <full-stacktrace>
              <![CDATA[org.openqa.selenium.NoSuchElementException: An element could not be located on the page using the given search parameters.
For documentation on this error, please visit: https://selenium.dev/exceptions/#no_such_element
Build info: version: '4.6.0', revision: '79f1c02ae20'
System info: os.name: 'Mac OS X', os.arch: 'x86_64', os.version: '13.4.1', java.version: '19.0.1'
Driver info: io.appium.java_client.android.AndroidDriver
Command: [a88f5b63-e57f-47c9-bf49-a74b9cf809f1, findElement {using=-android uiautomator, value=new UiScrollable(new UiSelector()).scrollIntoView(new UiSelector().text("Yan East"));}]
Capabilities {appium:app: /Users/someghana/eclipse-wo..., appium:appPackage: com.energyaustralia.codingt..., appium:automationName: UiAutomator2, appium:databaseEnabled: false, appium:desired: {app: /Users/someghana/eclipse-wo..., automationName: UiAutomator2, deviceName: Android SDK built for x86, platformName: android, platformVersion: 10}, appium:deviceApiLevel: 29, appium:deviceManufacturer: Google, appium:deviceModel: Android SDK built for x86, appium:deviceName: emulator-5554, appium:deviceScreenDensity: 240, appium:deviceScreenSize: 480x800, appium:deviceUDID: emulator-5554, appium:javascriptEnabled: true, appium:locationContextEnabled: false, appium:networkConnectionEnabled: true, appium:pixelRatio: 1.5, appium:platformVersion: 10, appium:statBarHeight: 36, appium:takesScreenshot: true, appium:viewportRect: {height: 764, left: 0, top: 36, width: 480}, appium:warnings: {}, appium:webStorageEnabled: false, platformName: ANDROID}
Session ID: a88f5b63-e57f-47c9-bf49-a74b9cf809f1
at java.base/jdk.internal.reflect.DirectConstructorHandleAccessor.newInstance(DirectConstructorHandleAccessor.java:67)
at java.base/java.lang.reflect.Constructor.newInstanceWithCaller(Constructor.java:500)
at java.base/java.lang.reflect.Constructor.newInstance(Constructor.java:484)
at org.openqa.selenium.remote.codec.w3c.W3CHttpResponseCodec.createException(W3CHttpResponseCodec.java:200)
at org.openqa.selenium.remote.codec.w3c.W3CHttpResponseCodec.decode(W3CHttpResponseCodec.java:133)
at org.openqa.selenium.remote.codec.w3c.W3CHttpResponseCodec.decode(W3CHttpResponseCodec.java:53)
at org.openqa.selenium.remote.HttpCommandExecutor.execute(HttpCommandExecutor.java:184)
at io.appium.java_client.remote.AppiumCommandExecutor.execute(AppiumCommandExecutor.java:189)
at org.openqa.selenium.remote.RemoteWebDriver.execute(RemoteWebDriver.java:541)
at org.openqa.selenium.remote.ElementLocation$ElementFinder$2.findElement(ElementLocation.java:162)
at org.openqa.selenium.remote.ElementLocation.findElement(ElementLocation.java:66)
at org.openqa.selenium.remote.RemoteWebDriver.findElement(RemoteWebDriver.java:365)
at org.openqa.selenium.remote.RemoteWebDriver.findElement(RemoteWebDriver.java:357)
at com.usga.qa.androidscreens.VerifyBand_and_FestivalNames.verifybandnames(VerifyBand_and_FestivalNames.java:107)
at com.usga.qa.tests.Android.VerifyBandName(Android.java:44)
at java.base/jdk.internal.reflect.DirectMethodHandleAccessor.invoke(DirectMethodHandleAccessor.java:104)
at java.base/java.lang.reflect.Method.invoke(Method.java:578)
at org.testng.internal.invokers.MethodInvocationHelper.invokeMethod(MethodInvocationHelper.java:139)
at org.testng.internal.invokers.TestInvoker.invokeMethod(TestInvoker.java:677)
at org.testng.internal.invokers.TestInvoker.invokeTestMethod(TestInvoker.java:221)
at org.testng.internal.invokers.MethodRunner.runInSequence(MethodRunner.java:50)
at org.testng.internal.invokers.TestInvoker$MethodInvocationAgent.invoke(TestInvoker.java:962)
at org.testng.internal.invokers.TestInvoker.invokeTestMethods(TestInvoker.java:194)
at org.testng.internal.invokers.TestMethodWorker.invokeTestMethods(TestMethodWorker.java:148)
at org.testng.internal.invokers.TestMethodWorker.run(TestMethodWorker.java:128)
at java.base/java.util.ArrayList.forEach(ArrayList.java:1511)
at org.testng.TestRunner.privateRun(TestRunner.java:806)
at org.testng.TestRunner.run(TestRunner.java:601)
at org.testng.SuiteRunner.runTest(SuiteRunner.java:433)
at org.testng.SuiteRunner.runSequentially(SuiteRunner.java:427)
at org.testng.SuiteRunner.privateRun(SuiteRunner.java:387)
at org.testng.SuiteRunner.run(SuiteRunner.java:330)
at org.testng.SuiteRunnerWorker.runSuite(SuiteRunnerWorker.java:52)
at org.testng.SuiteRunnerWorker.run(SuiteRunnerWorker.java:95)
at org.testng.TestNG.runSuitesSequentially(TestNG.java:1256)
at org.testng.TestNG.runSuitesLocally(TestNG.java:1176)
at org.testng.TestNG.runSuites(TestNG.java:1099)
at org.testng.TestNG.run(TestNG.java:1067)
at org.testng.remote.AbstractRemoteTestNG.run(AbstractRemoteTestNG.java:115)
at org.testng.remote.RemoteTestNG.initAndRun(RemoteTestNG.java:251)
at org.testng.remote.RemoteTestNG.main(RemoteTestNG.java:77)
]]>
            </full-stacktrace>
          </exception> <!-- org.openqa.selenium.NoSuchElementException -->
          <reporter-output>
          </reporter-output>
        </test-method> <!-- VerifyBandName -->
      </class> <!-- com.usga.qa.tests.Android -->
    </test> <!-- Test -->
  </suite> <!-- Suite -->
</testng-results>
